<?xml version="1.0" encoding="UTF-8"?>
<coverage generated="1527977979062" clover="3.2.0">
  <project timestamp="1527977979062" name="All files">
    <metrics statements="14" coveredstatements="13" conditionals="8" coveredconditionals="7" methods="3" coveredmethods="3" elements="25" coveredelements="23" complexity="0" loc="14" ncloc="14" packages="1" files="1" classes="1">
      <file name="reader.js" path="/Users/bossupbands/codefellows/401/03-asynchronous-callbacks/lib/reader.js">
        <metrics statements="14" coveredstatements="13" conditionals="8" coveredconditionals="7" methods="3" coveredmethods="3"/>
        <line num="5" count="1" type="stmt"/>
        <line num="7" count="1" type="stmt"/>
        <line num="8" count="3" type="stmt"/>
        <line num="9" count="3" type="stmt"/>
        <line num="11" count="3" type="cond" truecount="4" falsecount="0"/>
        <line num="12" count="2" type="stmt"/>
        <line num="13" count="9" type="stmt"/>
        <line num="14" count="9" type="cond" truecount="2" falsecount="0"/>
        <line num="15" count="2" type="stmt"/>
        <line num="18" count="7" type="stmt"/>
        <line num="22" count="2" type="stmt"/>
        <line num="24" count="1" type="stmt"/>
        <line num="25" count="1" type="cond" truecount="1" falsecount="1"/>
        <line num="26" count="0" type="stmt"/>
      </file>
    </metrics>
  </project>
</coverage>
