<?xml version="1.0" encoding="UTF-8"?>
<coverage generated="1527977240610" clover="3.2.0">
  <project timestamp="1527977240610" name="All files">
    <metrics statements="19" coveredstatements="8" conditionals="12" coveredconditionals="6" methods="4" coveredmethods="1" elements="35" coveredelements="15" complexity="0" loc="19" ncloc="19" packages="1" files="1" classes="1">
      <file name="reader.js" path="/Users/bossupbands/codefellows/401/03-asynchronous-callbacks/lib/reader.js">
        <metrics statements="19" coveredstatements="8" conditionals="12" coveredconditionals="6" methods="4" coveredmethods="1"/>
        <line num="3" count="1" type="stmt"/>
        <line num="6" count="1" type="stmt"/>
        <line num="7" count="5" type="cond" truecount="4" falsecount="0"/>
        <line num="8" count="2" type="stmt"/>
        <line num="9" count="4" type="cond" truecount="2" falsecount="0"/>
        <line num="11" count="1" type="stmt"/>
        <line num="12" count="1" type="stmt"/>
        <line num="14" count="1" type="stmt"/>
        <line num="15" count="0" type="cond" truecount="0" falsecount="2"/>
        <line num="17" count="0" type="stmt"/>
        <line num="18" count="0" type="stmt"/>
        <line num="19" count="0" type="stmt"/>
        <line num="20" count="0" type="cond" truecount="0" falsecount="2"/>
        <line num="22" count="0" type="stmt"/>
        <line num="23" count="0" type="stmt"/>
        <line num="24" count="0" type="stmt"/>
        <line num="25" count="0" type="cond" truecount="0" falsecount="2"/>
        <line num="27" count="0" type="stmt"/>
        <line num="28" count="0" type="stmt"/>
      </file>
    </metrics>
  </project>
</coverage>
