{"/Users/bossupbands/codefellows/401/03-asynchronous-callbacks/lib/reader.js": {"path":"/Users/bossupbands/codefellows/401/03-asynchronous-callbacks/lib/reader.js","statementMap":{"0":{"start":{"line":3,"column":11},"end":{"line":3,"column":24}},"1":{"start":{"line":6,"column":0},"end":{"line":32,"column":1}},"2":{"start":{"line":7,"column":2},"end":{"line":7,"column":46}},"3":{"start":{"line":7,"column":34},"end":{"line":7,"column":46}},"4":{"start":{"line":8,"column":2},"end":{"line":10,"column":3}},"5":{"start":{"line":9,"column":4},"end":{"line":9,"column":48}},"6":{"start":{"line":9,"column":36},"end":{"line":9,"column":48}},"7":{"start":{"line":11,"column":15},"end":{"line":11,"column":17}},"8":{"start":{"line":12,"column":14},"end":{"line":12,"column":15}},"9":{"start":{"line":14,"column":2},"end":{"line":31,"column":6}},"10":{"start":{"line":15,"column":4},"end":{"line":31,"column":3}},"11":{"start":{"line":15,"column":12},"end":{"line":15,"column":33}},"12":{"start":{"line":17,"column":6},"end":{"line":17,"column":33}},"13":{"start":{"line":18,"column":6},"end":{"line":18,"column":14}},"14":{"start":{"line":19,"column":6},"end":{"line":30,"column":8}},"15":{"start":{"line":20,"column":8},"end":{"line":30,"column":5}},"16":{"start":{"line":20,"column":16},"end":{"line":20,"column":37}},"17":{"start":{"line":22,"column":10},"end":{"line":22,"column":37}},"18":{"start":{"line":23,"column":10},"end":{"line":23,"column":18}},"19":{"start":{"line":24,"column":10},"end":{"line":29,"column":10}},"20":{"start":{"line":25,"column":12},"end":{"line":29,"column":7}},"21":{"start":{"line":25,"column":20},"end":{"line":25,"column":41}},"22":{"start":{"line":27,"column":14},"end":{"line":27,"column":41}},"23":{"start":{"line":28,"column":14},"end":{"line":28,"column":42}}},"fnMap":{"0":{"name":"(anonymous_0)","decl":{"start":{"line":6,"column":27},"end":{"line":6,"column":28}},"loc":{"start":{"line":6,"column":46},"end":{"line":32,"column":1}},"line":6},"1":{"name":"(anonymous_1)","decl":{"start":{"line":14,"column":45},"end":{"line":14,"column":46}},"loc":{"start":{"line":14,"column":60},"end":{"line":31,"column":4}},"line":14},"2":{"name":"(anonymous_2)","decl":{"start":{"line":19,"column":49},"end":{"line":19,"column":50}},"loc":{"start":{"line":19,"column":64},"end":{"line":30,"column":6}},"line":19},"3":{"name":"(anonymous_3)","decl":{"start":{"line":24,"column":53},"end":{"line":24,"column":54}},"loc":{"start":{"line":24,"column":68},"end":{"line":29,"column":8}},"line":24}},"branchMap":{"0":{"loc":{"start":{"line":7,"column":2},"end":{"line":7,"column":46}},"type":"if","locations":[{"start":{"line":7,"column":2},"end":{"line":7,"column":46}},{"start":{"line":7,"column":2},"end":{"line":7,"column":46}}],"line":7},"1":{"loc":{"start":{"line":7,"column":5},"end":{"line":7,"column":32}},"type":"binary-expr","locations":[{"start":{"line":7,"column":5},"end":{"line":7,"column":9}},{"start":{"line":7,"column":13},"end":{"line":7,"column":32}}],"line":7},"2":{"loc":{"start":{"line":9,"column":4},"end":{"line":9,"column":48}},"type":"if","locations":[{"start":{"line":9,"column":4},"end":{"line":9,"column":48}},{"start":{"line":9,"column":4},"end":{"line":9,"column":48}}],"line":9},"3":{"loc":{"start":{"line":15,"column":4},"end":{"line":31,"column":3}},"type":"if","locations":[{"start":{"line":15,"column":4},"end":{"line":31,"column":3}},{"start":{"line":15,"column":4},"end":{"line":31,"column":3}}],"line":15},"4":{"loc":{"start":{"line":20,"column":8},"end":{"line":30,"column":5}},"type":"if","locations":[{"start":{"line":20,"column":8},"end":{"line":30,"column":5}},{"start":{"line":20,"column":8},"end":{"line":30,"column":5}}],"line":20},"5":{"loc":{"start":{"line":25,"column":12},"end":{"line":29,"column":7}},"type":"if","locations":[{"start":{"line":25,"column":12},"end":{"line":29,"column":7}},{"start":{"line":25,"column":12},"end":{"line":29,"column":7}}],"line":25}},"s":{"0":1,"1":1,"2":5,"3":3,"4":2,"5":4,"6":1,"7":1,"8":1,"9":1,"10":0,"11":0,"12":0,"13":0,"14":0,"15":0,"16":0,"17":0,"18":0,"19":0,"20":0,"21":0,"22":0,"23":0},"f":{"0":5,"1":0,"2":0,"3":0},"b":{"0":[3,2],"1":[5,5],"2":[1,3],"3":[0,0],"4":[0,0],"5":[0,0]},"_coverageSchema":"332fd63041d2c1bcb487cc26dd0d5f7d97098a6c","hash":"094bb8393c9e9d9306a3f2bbb1d463276df75d7c"}
}
