{"/Users/bossupbands/codefellows/401/03-asynchronous-callbacks/lib/reader.js": {"path":"/Users/bossupbands/codefellows/401/03-asynchronous-callbacks/lib/reader.js","statementMap":{"0":{"start":{"line":5,"column":11},"end":{"line":5,"column":24}},"1":{"start":{"line":7,"column":0},"end":{"line":29,"column":2}},"2":{"start":{"line":8,"column":13},"end":{"line":8,"column":24}},"3":{"start":{"line":9,"column":18},"end":{"line":9,"column":20}},"4":{"start":{"line":11,"column":2},"end":{"line":28,"column":3}},"5":{"start":{"line":12,"column":4},"end":{"line":21,"column":5}},"6":{"start":{"line":13,"column":6},"end":{"line":20,"column":9}},"7":{"start":{"line":14,"column":8},"end":{"line":19,"column":9}},"8":{"start":{"line":15,"column":10},"end":{"line":15,"column":26}},"9":{"start":{"line":18,"column":10},"end":{"line":18,"column":49}},"10":{"start":{"line":22,"column":4},"end":{"line":22,"column":30}},"11":{"start":{"line":24,"column":4},"end":{"line":27,"column":7}},"12":{"start":{"line":25,"column":6},"end":{"line":26,"column":48}},"13":{"start":{"line":25,"column":17},"end":{"line":25,"column":31}},"14":{"start":{"line":26,"column":13},"end":{"line":26,"column":46}}},"fnMap":{"0":{"name":"(anonymous_0)","decl":{"start":{"line":7,"column":27},"end":{"line":7,"column":28}},"loc":{"start":{"line":7,"column":47},"end":{"line":29,"column":1}},"line":7},"1":{"name":"(anonymous_1)","decl":{"start":{"line":13,"column":27},"end":{"line":13,"column":28}},"loc":{"start":{"line":13,"column":44},"end":{"line":20,"column":7}},"line":13},"2":{"name":"(anonymous_2)","decl":{"start":{"line":24,"column":22},"end":{"line":24,"column":23}},"loc":{"start":{"line":24,"column":37},"end":{"line":27,"column":5}},"line":24}},"branchMap":{"0":{"loc":{"start":{"line":11,"column":2},"end":{"line":28,"column":3}},"type":"if","locations":[{"start":{"line":11,"column":2},"end":{"line":28,"column":3}},{"start":{"line":11,"column":2},"end":{"line":28,"column":3}}],"line":11},"1":{"loc":{"start":{"line":11,"column":6},"end":{"line":11,"column":38}},"type":"binary-expr","locations":[{"start":{"line":11,"column":6},"end":{"line":11,"column":23}},{"start":{"line":11,"column":27},"end":{"line":11,"column":38}}],"line":11},"2":{"loc":{"start":{"line":14,"column":8},"end":{"line":19,"column":9}},"type":"if","locations":[{"start":{"line":14,"column":8},"end":{"line":19,"column":9}},{"start":{"line":14,"column":8},"end":{"line":19,"column":9}}],"line":14},"3":{"loc":{"start":{"line":25,"column":6},"end":{"line":26,"column":48}},"type":"if","locations":[{"start":{"line":25,"column":6},"end":{"line":26,"column":48}},{"start":{"line":25,"column":6},"end":{"line":26,"column":48}}],"line":25}},"s":{"0":1,"1":1,"2":3,"3":3,"4":3,"5":2,"6":9,"7":9,"8":2,"9":7,"10":2,"11":1,"12":1,"13":1,"14":0},"f":{"0":3,"1":9,"2":1},"b":{"0":[2,1],"1":[3,2],"2":[2,7],"3":[1,0]},"_coverageSchema":"332fd63041d2c1bcb487cc26dd0d5f7d97098a6c","hash":"0ebd311117b1e62ef42108967a592df6896d0090"}
}
